# JRE version: Java(TM) SE Runtime Environment (8.0_161-b12) (build 1.8.0_161-b12)
# Java VM: Java HotSpot(TM) 64-Bit Server VM (25.161-b12 mixed mode linux-amd64 compressed oops)
Heap:
 PSYoungGen      total 530432K, used 4026K [0x00000000d7000000, 0x00000000f7e80000, 0x0000000100000000)
  eden space 521728K, 0% used [0x00000000d7000000,0x00000000d70068a8,0x00000000f6d80000)
  from space 8704K, 45% used [0x00000000f7600000,0x00000000f79e8020,0x00000000f7e80000)
  to   space 8704K, 0% used [0x00000000f6d80000,0x00000000f6d80000,0x00000000f7600000)
 ParOldGen       total 115712K, used 48454K [0x0000000085000000, 0x000000008c100000, 0x00000000d7000000)
  object space 115712K, 41% used [0x0000000085000000,0x0000000087f519f8,0x000000008c100000)
 Metaspace       used 25779K, capacity 27542K, committed 27776K, reserved 1073152K
  class space    used 2987K, capacity 3454K, committed 3456K, reserved 1048576K
GC Heap History (10 events):
Event: 141,826 GC heap before
{Heap before GC invocations=105 (full 3):
 PSYoungGen      total 509440K, used 505392K [0x00000000d7000000, 0x00000000f7100000, 0x0000000100000000)
  eden space 500224K, 100% used [0x00000000d7000000,0x00000000f5880000,0x00000000f5880000)
  from space 9216K, 56% used [0x00000000f5880000,0x00000000f5d8c030,0x00000000f6180000)
  to   space 8704K, 0% used [0x00000000f6880000,0x00000000f6880000,0x00000000f7100000)
 ParOldGen       total 115712K, used 28008K [0x0000000085000000, 0x000000008c100000, 0x00000000d7000000)
  object space 115712K, 24% used [0x0000000085000000,0x0000000086b5a148,0x000000008c100000)
 Metaspace       used 25776K, capacity 27542K, committed 27776K, reserved 1073152K
  class space    used 2986K, capacity 3454K, committed 3456K, reserved 1048576K
Event: 141,832 GC heap after
Heap after GC invocations=105 (full 3):
 PSYoungGen      total 514560K, used 5136K [0x00000000d7000000, 0x00000000f6f80000, 0x0000000100000000)
  eden space 507392K, 0% used [0x00000000d7000000,0x00000000d7000000,0x00000000f5f80000)
  from space 7168K, 71% used [0x00000000f6880000,0x00000000f6d84030,0x00000000f6f80000)
  to   space 8192K, 0% used [0x00000000f5f80000,0x00000000f5f80000,0x00000000f6780000)
 ParOldGen       total 115712K, used 28016K [0x0000000085000000, 0x000000008c100000, 0x00000000d7000000)
  object space 115712K, 24% used [0x0000000085000000,0x0000000086b5c148,0x000000008c100000)
 Metaspace       used 25776K, capacity 27542K, committed 27776K, reserved 1073152K
  class space    used 2986K, capacity 3454K, committed 3456K, reserved 1048576K
}
Event: 143,496 GC heap before
{Heap before GC invocations=106 (full 3):
 PSYoungGen      total 514560K, used 512413K [0x00000000d7000000, 0x00000000f6f80000, 0x0000000100000000)
  eden space 507392K, 99% used [0x00000000d7000000,0x00000000f5f636e8,0x00000000f5f80000)
  from space 7168K, 71% used [0x00000000f6880000,0x00000000f6d84030,0x00000000f6f80000)
  to   space 8192K, 0% used [0x00000000f5f80000,0x00000000f5f80000,0x00000000f6780000)
 ParOldGen       total 115712K, used 29216K [0x0000000085000000, 0x000000008c100000, 0x00000000d7000000)
  object space 115712K, 25% used [0x0000000085000000,0x0000000086c88158,0x000000008c100000)
 Metaspace       used 25776K, capacity 27542K, committed 27776K, reserved 1073152K
  class space    used 2986K, capacity 3454K, committed 3456K, reserved 1048576K
Event: 143,502 GC heap after
Heap after GC invocations=106 (full 3):
 PSYoungGen      total 515584K, used 7568K [0x00000000d7000000, 0x00000000f7880000, 0x0000000100000000)
  eden space 507392K, 0% used [0x00000000d7000000,0x00000000d7000000,0x00000000f5f80000)
  from space 8192K, 92% used [0x00000000f5f80000,0x00000000f66e4050,0x00000000f6780000)
  to   space 9216K, 0% used [0x00000000f6f80000,0x00000000f6f80000,0x00000000f7880000)
 ParOldGen       total 115712K, used 29216K [0x0000000085000000, 0x000000008c100000, 0x00000000d7000000)
  object space 115712K, 25% used [0x0000000085000000,0x0000000086c88158,0x000000008c100000)
 Metaspace       used 25776K, capacity 27542K, committed 27776K, reserved 1073152K
  class space    used 2986K, capacity 3454K, committed 3456K, reserved 1048576K
}
Event: 145,836 GC heap before
{Heap before GC invocations=107 (full 3):
 PSYoungGen      total 515584K, used 514960K [0x00000000d7000000, 0x00000000f7880000, 0x0000000100000000)
  eden space 507392K, 100% used [0x00000000d7000000,0x00000000f5f80000,0x00000000f5f80000)
  from space 8192K, 92% used [0x00000000f5f80000,0x00000000f66e4050,0x00000000f6780000)
  to   space 9216K, 0% used [0x00000000f6f80000,0x00000000f6f80000,0x00000000f7880000)
 ParOldGen       total 115712K, used 29220K [0x0000000085000000, 0x000000008c100000, 0x00000000d7000000)
  object space 115712K, 25% used [0x0000000085000000,0x0000000086c89070,0x000000008c100000)
 Metaspace       used 25779K, capacity 27542K, committed 27776K, reserved 1073152K
  class space    used 2987K, capacity 3454K, committed 3456K, reserved 1048576K
Event: 145,843 GC heap after
Heap after GC invocations=107 (full 3):
 PSYoungGen      total 522752K, used 5168K [0x00000000d7000000, 0x00000000f7780000, 0x0000000100000000)
  eden space 514560K, 0% used [0x00000000d7000000,0x00000000d7000000,0x00000000f6680000)
  from space 8192K, 63% used [0x00000000f6f80000,0x00000000f748c030,0x00000000f7780000)
  to   space 8704K, 0% used [0x00000000f6680000,0x00000000f6680000,0x00000000f6f00000)
 ParOldGen       total 115712K, used 29220K [0x0000000085000000, 0x000000008c100000, 0x00000000d7000000)
  object space 115712K, 25% used [0x0000000085000000,0x0000000086c89070,0x000000008c100000)
 Metaspace       used 25779K, capacity 27542K, committed 27776K, reserved 1073152K
  class space    used 2987K, capacity 3454K, committed 3456K, reserved 1048576K
}
Event: 148,237 GC heap before
{Heap before GC invocations=108 (full 3):
 PSYoungGen      total 522752K, used 519728K [0x00000000d7000000, 0x00000000f7780000, 0x0000000100000000)
  eden space 514560K, 100% used [0x00000000d7000000,0x00000000f6680000,0x00000000f6680000)
  from space 8192K, 63% used [0x00000000f6f80000,0x00000000f748c030,0x00000000f7780000)
  to   space 8704K, 0% used [0x00000000f6680000,0x00000000f6680000,0x00000000f6f00000)
 ParOldGen       total 115712K, used 48422K [0x0000000085000000, 0x000000008c100000, 0x00000000d7000000)
  object space 115712K, 41% used [0x0000000085000000,0x0000000087f499e8,0x000000008c100000)
 Metaspace       used 25779K, capacity 27542K, committed 27776K, reserved 1073152K
  class space    used 2987K, capacity 3454K, committed 3456K, reserved 1048576K
Event: 148,243 GC heap after
Heap after GC invocations=108 (full 3):
 PSYoungGen      total 523264K, used 1664K [0x00000000d7000000, 0x00000000f7f00000, 0x0000000100000000)
  eden space 514560K, 0% used [0x00000000d7000000,0x00000000d7000000,0x00000000f6680000)
  from space 8704K, 19% used [0x00000000f6680000,0x00000000f6820000,0x00000000f6f00000)
  to   space 9216K, 0% used [0x00000000f7600000,0x00000000f7600000,0x00000000f7f00000)
 ParOldGen       total 115712K, used 48422K [0x0000000085000000, 0x000000008c100000, 0x00000000d7000000)
  object space 115712K, 41% used [0x0000000085000000,0x0000000087f499e8,0x000000008c100000)
 Metaspace       used 25779K, capacity 27542K, committed 27776K, reserved 1073152K
  class space    used 2987K, capacity 3454K, committed 3456K, reserved 1048576K
}
Event: 150,229 GC heap before
{Heap before GC invocations=109 (full 3):
 PSYoungGen      total 523264K, used 516224K [0x00000000d7000000, 0x00000000f7f00000, 0x0000000100000000)
  eden space 514560K, 100% used [0x00000000d7000000,0x00000000f6680000,0x00000000f6680000)
  from space 8704K, 19% used [0x00000000f6680000,0x00000000f6820000,0x00000000f6f00000)
  to   space 9216K, 0% used [0x00000000f7600000,0x00000000f7600000,0x00000000f7f00000)
 ParOldGen       total 115712K, used 48422K [0x0000000085000000, 0x000000008c100000, 0x00000000d7000000)
  object space 115712K, 41% used [0x0000000085000000,0x0000000087f499e8,0x000000008c100000)
 Metaspace       used 25779K, capacity 27542K, committed 27776K, reserved 1073152K
  class space    used 2987K, capacity 3454K, committed 3456K, reserved 1048576K
Event: 150,237 GC heap after
Heap after GC invocations=109 (full 3):
 PSYoungGen      total 530432K, used 4000K [0x00000000d7000000, 0x00000000f7e80000, 0x0000000100000000)
  eden space 521728K, 0% used [0x00000000d7000000,0x00000000d7000000,0x00000000f6d80000)
  from space 8704K, 45% used [0x00000000f7600000,0x00000000f79e8020,0x00000000f7e80000)
  to   space 8704K, 0% used [0x00000000f6d80000,0x00000000f6d80000,0x00000000f7600000)
 ParOldGen       total 115712K, used 48454K [0x0000000085000000, 0x000000008c100000, 0x00000000d7000000)
  object space 115712K, 41% used [0x0000000085000000,0x0000000087f519f8,0x000000008c100000)
 Metaspace       used 25779K, capacity 27542K, committed 27776K, reserved 1073152K
  class space    used 2987K, capacity 3454K, committed 3456K, reserved 1048576K
}

