# JRE version: Java(TM) SE Runtime Environment (8.0_161-b12) (build 1.8.0_161-b12)
# Java VM: Java HotSpot(TM) 64-Bit Server VM (25.161-b12 mixed mode linux-amd64 compressed oops)
Heap:
 PSYoungGen      total 250368K, used 5422K [0x00000000d7000000, 0x00000000eba80000, 0x0000000100000000)
  eden space 249856K, 2% used [0x00000000d7000000,0x00000000d74e3a98,0x00000000e6400000)
  from space 512K, 81% used [0x00000000ea700000,0x00000000ea768000,0x00000000ea780000)
  to   space 11776K, 0% used [0x00000000eaf00000,0x00000000eaf00000,0x00000000eba80000)
 ParOldGen       total 286208K, used 112501K [0x0000000085000000, 0x0000000096780000, 0x00000000d7000000)
  object space 286208K, 39% used [0x0000000085000000,0x000000008bddd668,0x0000000096780000)
 Metaspace       used 25163K, capacity 26848K, committed 27008K, reserved 1073152K
  class space    used 2933K, capacity 3375K, committed 3456K, reserved 1048576K
GC Heap History (10 events):
Event: 2133,315 GC heap before
{Heap before GC invocations=2478 (full 46):
 PSYoungGen      total 285696K, used 285179K [0x00000000d7000000, 0x00000000ecb00000, 0x0000000100000000)
  eden space 275456K, 99% used [0x00000000d7000000,0x00000000e7cb6c18,0x00000000e7d00000)
  from space 10240K, 97% used [0x00000000ebb80000,0x00000000ec548080,0x00000000ec580000)
  to   space 5632K, 0% used [0x00000000ec580000,0x00000000ec580000,0x00000000ecb00000)
 ParOldGen       total 291840K, used 227978K [0x0000000085000000, 0x0000000096d00000, 0x00000000d7000000)
  object space 291840K, 78% used [0x0000000085000000,0x0000000092ea2828,0x0000000096d00000)
 Metaspace       used 25163K, capacity 26848K, committed 27008K, reserved 1073152K
  class space    used 2933K, capacity 3375K, committed 3456K, reserved 1048576K
Event: 2133,319 GC heap after
Heap after GC invocations=2478 (full 46):
 PSYoungGen      total 274432K, used 5216K [0x00000000d7000000, 0x00000000ecb00000, 0x0000000100000000)
  eden space 268800K, 0% used [0x00000000d7000000,0x00000000d7000000,0x00000000e7680000)
  from space 5632K, 92% used [0x00000000ec580000,0x00000000eca98040,0x00000000ecb00000)
  to   space 12288K, 0% used [0x00000000eb300000,0x00000000eb300000,0x00000000ebf00000)
 ParOldGen       total 291840K, used 229202K [0x0000000085000000, 0x0000000096d00000, 0x00000000d7000000)
  object space 291840K, 78% used [0x0000000085000000,0x0000000092fd4838,0x0000000096d00000)
 Metaspace       used 25163K, capacity 26848K, committed 27008K, reserved 1073152K
  class space    used 2933K, capacity 3375K, committed 3456K, reserved 1048576K
}
Event: 2134,113 GC heap before
{Heap before GC invocations=2479 (full 47):
 PSYoungGen      total 274432K, used 274016K [0x00000000d7000000, 0x00000000ecb00000, 0x0000000100000000)
  eden space 268800K, 100% used [0x00000000d7000000,0x00000000e7680000,0x00000000e7680000)
  from space 5632K, 92% used [0x00000000ec580000,0x00000000eca98040,0x00000000ecb00000)
  to   space 12288K, 0% used [0x00000000eb300000,0x00000000eb300000,0x00000000ebf00000)
 ParOldGen       total 293376K, used 292807K [0x0000000085000000, 0x0000000096e80000, 0x00000000d7000000)
  object space 293376K, 99% used [0x0000000085000000,0x0000000096df1f00,0x0000000096e80000)
 Metaspace       used 25163K, capacity 26848K, committed 27008K, reserved 1073152K
  class space    used 2933K, capacity 3375K, committed 3456K, reserved 1048576K
Event: 2134,155 GC heap after
Heap after GC invocations=2479 (full 47):
 PSYoungGen      total 274432K, used 0K [0x00000000d7000000, 0x00000000ecb00000, 0x0000000100000000)
  eden space 268800K, 0% used [0x00000000d7000000,0x00000000d7000000,0x00000000e7680000)
  from space 5632K, 0% used [0x00000000ec580000,0x00000000ec580000,0x00000000ecb00000)
  to   space 12288K, 0% used [0x00000000eb300000,0x00000000eb300000,0x00000000ebf00000)
 ParOldGen       total 286208K, used 27241K [0x0000000085000000, 0x0000000096780000, 0x00000000d7000000)
  object space 286208K, 9% used [0x0000000085000000,0x0000000086a9a5b0,0x0000000096780000)
 Metaspace       used 25163K, capacity 26848K, committed 27008K, reserved 1073152K
  class space    used 2933K, capacity 3375K, committed 3456K, reserved 1048576K
}
Event: 2134,905 GC heap before
{Heap before GC invocations=2480 (full 47):
 PSYoungGen      total 274432K, used 268800K [0x00000000d7000000, 0x00000000ecb00000, 0x0000000100000000)
  eden space 268800K, 100% used [0x00000000d7000000,0x00000000e7680000,0x00000000e7680000)
  from space 5632K, 0% used [0x00000000ec580000,0x00000000ec580000,0x00000000ecb00000)
  to   space 12288K, 0% used [0x00000000eb300000,0x00000000eb300000,0x00000000ebf00000)
 ParOldGen       total 286208K, used 64443K [0x0000000085000000, 0x0000000096780000, 0x00000000d7000000)
  object space 286208K, 22% used [0x0000000085000000,0x0000000088eeef10,0x0000000096780000)
 Metaspace       used 25163K, capacity 26848K, committed 27008K, reserved 1073152K
  class space    used 2933K, capacity 3375K, committed 3456K, reserved 1048576K
Event: 2134,907 GC heap after
Heap after GC invocations=2480 (full 47):
 PSYoungGen      total 262656K, used 448K [0x00000000d7000000, 0x00000000ec600000, 0x0000000100000000)
  eden space 262144K, 0% used [0x00000000d7000000,0x00000000d7000000,0x00000000e7000000)
  from space 512K, 87% used [0x00000000eb300000,0x00000000eb370000,0x00000000eb380000)
  to   space 12288K, 0% used [0x00000000eba00000,0x00000000eba00000,0x00000000ec600000)
 ParOldGen       total 286208K, used 64443K [0x0000000085000000, 0x0000000096780000, 0x00000000d7000000)
  object space 286208K, 22% used [0x0000000085000000,0x0000000088eeef10,0x0000000096780000)
 Metaspace       used 25163K, capacity 26848K, committed 27008K, reserved 1073152K
  class space    used 2933K, capacity 3375K, committed 3456K, reserved 1048576K
}
Event: 2135,581 GC heap before
{Heap before GC invocations=2481 (full 47):
 PSYoungGen      total 262656K, used 262487K [0x00000000d7000000, 0x00000000ec600000, 0x0000000100000000)
  eden space 262144K, 99% used [0x00000000d7000000,0x00000000e6fe5c70,0x00000000e7000000)
  from space 512K, 87% used [0x00000000eb300000,0x00000000eb370000,0x00000000eb380000)
  to   space 12288K, 0% used [0x00000000eba00000,0x00000000eba00000,0x00000000ec600000)
 ParOldGen       total 286208K, used 70443K [0x0000000085000000, 0x0000000096780000, 0x00000000d7000000)
  object space 286208K, 24% used [0x0000000085000000,0x00000000894caf60,0x0000000096780000)
 Metaspace       used 25163K, capacity 26848K, committed 27008K, reserved 1073152K
  class space    used 2933K, capacity 3375K, committed 3456K, reserved 1048576K
Event: 2135,587 GC heap after
Heap after GC invocations=2481 (full 47):
 PSYoungGen      total 260096K, used 4048K [0x00000000d7000000, 0x00000000ebe00000, 0x0000000100000000)
  eden space 256000K, 0% used [0x00000000d7000000,0x00000000d7000000,0x00000000e6a00000)
  from space 4096K, 98% used [0x00000000eba00000,0x00000000ebdf4030,0x00000000ebe00000)
  to   space 11776K, 0% used [0x00000000ea700000,0x00000000ea700000,0x00000000eb280000)
 ParOldGen       total 286208K, used 70475K [0x0000000085000000, 0x0000000096780000, 0x00000000d7000000)
  object space 286208K, 24% used [0x0000000085000000,0x00000000894d2f60,0x0000000096780000)
 Metaspace       used 25163K, capacity 26848K, committed 27008K, reserved 1073152K
  class space    used 2933K, capacity 3375K, committed 3456K, reserved 1048576K
}
Event: 2136,393 GC heap before
{Heap before GC invocations=2482 (full 47):
 PSYoungGen      total 260096K, used 260048K [0x00000000d7000000, 0x00000000ebe00000, 0x0000000100000000)
  eden space 256000K, 100% used [0x00000000d7000000,0x00000000e6a00000,0x00000000e6a00000)
  from space 4096K, 98% used [0x00000000eba00000,0x00000000ebdf4030,0x00000000ebe00000)
  to   space 11776K, 0% used [0x00000000ea700000,0x00000000ea700000,0x00000000eb280000)
 ParOldGen       total 286208K, used 112477K [0x0000000085000000, 0x0000000096780000, 0x00000000d7000000)
  object space 286208K, 39% used [0x0000000085000000,0x000000008bdd7668,0x0000000096780000)
 Metaspace       used 25163K, capacity 26848K, committed 27008K, reserved 1073152K
  class space    used 2933K, capacity 3375K, committed 3456K, reserved 1048576K
Event: 2136,396 GC heap after
Heap after GC invocations=2482 (full 47):
 PSYoungGen      total 250368K, used 416K [0x00000000d7000000, 0x00000000eba80000, 0x0000000100000000)
  eden space 249856K, 0% used [0x00000000d7000000,0x00000000d7000000,0x00000000e6400000)
  from space 512K, 81% used [0x00000000ea700000,0x00000000ea768000,0x00000000ea780000)
  to   space 11776K, 0% used [0x00000000eaf00000,0x00000000eaf00000,0x00000000eba80000)
 ParOldGen       total 286208K, used 112501K [0x0000000085000000, 0x0000000096780000, 0x00000000d7000000)
  object space 286208K, 39% used [0x0000000085000000,0x000000008bddd668,0x0000000096780000)
 Metaspace       used 25163K, capacity 26848K, committed 27008K, reserved 1073152K
  class space    used 2933K, capacity 3375K, committed 3456K, reserved 1048576K
}

