# JRE version: Java(TM) SE Runtime Environment (8.0_161-b12) (build 1.8.0_161-b12)
# Java VM: Java HotSpot(TM) 64-Bit Server VM (25.161-b12 mixed mode linux-amd64 compressed oops)
Heap:
 PSYoungGen      total 62976K, used 60390K [0x00000000d7000000, 0x00000000db800000, 0x0000000100000000)
  eden space 57856K, 95% used [0x00000000d7000000,0x00000000da6002f0,0x00000000da880000)
  from space 5120K, 99% used [0x00000000db300000,0x00000000db7f98f0,0x00000000db800000)
  to   space 5120K, 0% used [0x00000000dae00000,0x00000000dae00000,0x00000000db300000)
 ParOldGen       total 45568K, used 19788K [0x0000000085000000, 0x0000000087c80000, 0x00000000d7000000)
  object space 45568K, 43% used [0x0000000085000000,0x0000000086353388,0x0000000087c80000)
 Metaspace       used 23502K, capacity 25228K, committed 25344K, reserved 1071104K
  class space    used 2837K, capacity 3287K, committed 3328K, reserved 1048576K
GC Heap History (10 events):
Event: 4,527 GC heap before
{Heap before GC invocations=1 (full 0):
 PSYoungGen      total 36864K, used 31744K [0x00000000d7000000, 0x00000000d9900000, 0x0000000100000000)
  eden space 31744K, 100% used [0x00000000d7000000,0x00000000d8f00000,0x00000000d8f00000)
  from space 5120K, 0% used [0x00000000d9400000,0x00000000d9400000,0x00000000d9900000)
  to   space 5120K, 0% used [0x00000000d8f00000,0x00000000d8f00000,0x00000000d9400000)
 ParOldGen       total 84992K, used 0K [0x0000000085000000, 0x000000008a300000, 0x00000000d7000000)
  object space 84992K, 0% used [0x0000000085000000,0x0000000085000000,0x000000008a300000)
 Metaspace       used 8252K, capacity 8784K, committed 9088K, reserved 1056768K
  class space    used 906K, capacity 1077K, committed 1152K, reserved 1048576K
Event: 4,533 GC heap after
Heap after GC invocations=1 (full 0):
 PSYoungGen      total 36864K, used 4777K [0x00000000d7000000, 0x00000000d9900000, 0x0000000100000000)
  eden space 31744K, 0% used [0x00000000d7000000,0x00000000d7000000,0x00000000d8f00000)
  from space 5120K, 93% used [0x00000000d8f00000,0x00000000d93aa760,0x00000000d9400000)
  to   space 5120K, 0% used [0x00000000d9400000,0x00000000d9400000,0x00000000d9900000)
 ParOldGen       total 84992K, used 8K [0x0000000085000000, 0x000000008a300000, 0x00000000d7000000)
  object space 84992K, 0% used [0x0000000085000000,0x0000000085002000,0x000000008a300000)
 Metaspace       used 8252K, capacity 8784K, committed 9088K, reserved 1056768K
  class space    used 906K, capacity 1077K, committed 1152K, reserved 1048576K
}
Event: 5,336 GC heap before
{Heap before GC invocations=2 (full 0):
 PSYoungGen      total 36864K, used 36521K [0x00000000d7000000, 0x00000000d9900000, 0x0000000100000000)
  eden space 31744K, 100% used [0x00000000d7000000,0x00000000d8f00000,0x00000000d8f00000)
  from space 5120K, 93% used [0x00000000d8f00000,0x00000000d93aa760,0x00000000d9400000)
  to   space 5120K, 0% used [0x00000000d9400000,0x00000000d9400000,0x00000000d9900000)
 ParOldGen       total 84992K, used 8K [0x0000000085000000, 0x000000008a300000, 0x00000000d7000000)
  object space 84992K, 0% used [0x0000000085000000,0x0000000085002000,0x000000008a300000)
 Metaspace       used 18963K, capacity 20072K, committed 20224K, reserved 1067008K
  class space    used 2171K, capacity 2492K, committed 2560K, reserved 1048576K
Event: 5,346 GC heap after
Heap after GC invocations=2 (full 0):
 PSYoungGen      total 36864K, used 5119K [0x00000000d7000000, 0x00000000d9900000, 0x0000000100000000)
  eden space 31744K, 0% used [0x00000000d7000000,0x00000000d7000000,0x00000000d8f00000)
  from space 5120K, 99% used [0x00000000d9400000,0x00000000d98ffe78,0x00000000d9900000)
  to   space 5120K, 0% used [0x00000000d8f00000,0x00000000d8f00000,0x00000000d9400000)
 ParOldGen       total 84992K, used 2260K [0x0000000085000000, 0x000000008a300000, 0x00000000d7000000)
  object space 84992K, 2% used [0x0000000085000000,0x00000000852350c8,0x000000008a300000)
 Metaspace       used 18963K, capacity 20072K, committed 20224K, reserved 1067008K
  class space    used 2171K, capacity 2492K, committed 2560K, reserved 1048576K
}
Event: 5,417 GC heap before
{Heap before GC invocations=3 (full 0):
 PSYoungGen      total 36864K, used 10880K [0x00000000d7000000, 0x00000000d9900000, 0x0000000100000000)
  eden space 31744K, 18% used [0x00000000d7000000,0x00000000d75a0268,0x00000000d8f00000)
  from space 5120K, 99% used [0x00000000d9400000,0x00000000d98ffe78,0x00000000d9900000)
  to   space 5120K, 0% used [0x00000000d8f00000,0x00000000d8f00000,0x00000000d9400000)
 ParOldGen       total 84992K, used 2260K [0x0000000085000000, 0x000000008a300000, 0x00000000d7000000)
  object space 84992K, 2% used [0x0000000085000000,0x00000000852350c8,0x000000008a300000)
 Metaspace       used 19986K, capacity 21096K, committed 21296K, reserved 1069056K
  class space    used 2298K, capacity 2620K, committed 2688K, reserved 1048576K
Event: 5,422 GC heap after
Heap after GC invocations=3 (full 0):
 PSYoungGen      total 36864K, used 5116K [0x00000000d7000000, 0x00000000db800000, 0x0000000100000000)
  eden space 31744K, 0% used [0x00000000d7000000,0x00000000d7000000,0x00000000d8f00000)
  from space 5120K, 99% used [0x00000000d8f00000,0x00000000d93ff278,0x00000000d9400000)
  to   space 5120K, 0% used [0x00000000db300000,0x00000000db300000,0x00000000db800000)
 ParOldGen       total 84992K, used 2970K [0x0000000085000000, 0x000000008a300000, 0x00000000d7000000)
  object space 84992K, 3% used [0x0000000085000000,0x00000000852e6918,0x000000008a300000)
 Metaspace       used 19986K, capacity 21096K, committed 21296K, reserved 1069056K
  class space    used 2298K, capacity 2620K, committed 2688K, reserved 1048576K
}
Event: 5,423 GC heap before
{Heap before GC invocations=4 (full 1):
 PSYoungGen      total 36864K, used 5116K [0x00000000d7000000, 0x00000000db800000, 0x0000000100000000)
  eden space 31744K, 0% used [0x00000000d7000000,0x00000000d7000000,0x00000000d8f00000)
  from space 5120K, 99% used [0x00000000d8f00000,0x00000000d93ff278,0x00000000d9400000)
  to   space 5120K, 0% used [0x00000000db300000,0x00000000db300000,0x00000000db800000)
 ParOldGen       total 84992K, used 2970K [0x0000000085000000, 0x000000008a300000, 0x00000000d7000000)
  object space 84992K, 3% used [0x0000000085000000,0x00000000852e6918,0x000000008a300000)
 Metaspace       used 19986K, capacity 21096K, committed 21296K, reserved 1069056K
  class space    used 2298K, capacity 2620K, committed 2688K, reserved 1048576K
Event: 5,453 GC heap after
Heap after GC invocations=4 (full 1):
 PSYoungGen      total 36864K, used 0K [0x00000000d7000000, 0x00000000db800000, 0x0000000100000000)
  eden space 31744K, 0% used [0x00000000d7000000,0x00000000d7000000,0x00000000d8f00000)
  from space 5120K, 0% used [0x00000000d8f00000,0x00000000d8f00000,0x00000000d9400000)
  to   space 5120K, 0% used [0x00000000db300000,0x00000000db300000,0x00000000db800000)
 ParOldGen       total 45568K, used 5642K [0x0000000085000000, 0x0000000087c80000, 0x00000000d7000000)
  object space 45568K, 12% used [0x0000000085000000,0x00000000855829b8,0x0000000087c80000)
 Metaspace       used 19986K, capacity 21096K, committed 21296K, reserved 1069056K
  class space    used 2298K, capacity 2620K, committed 2688K, reserved 1048576K
}
Event: 6,211 GC heap before
{Heap before GC invocations=5 (full 1):
 PSYoungGen      total 36864K, used 31744K [0x00000000d7000000, 0x00000000db800000, 0x0000000100000000)
  eden space 31744K, 100% used [0x00000000d7000000,0x00000000d8f00000,0x00000000d8f00000)
  from space 5120K, 0% used [0x00000000d8f00000,0x00000000d8f00000,0x00000000d9400000)
  to   space 5120K, 0% used [0x00000000db300000,0x00000000db300000,0x00000000db800000)
 ParOldGen       total 45568K, used 5642K [0x0000000085000000, 0x0000000087c80000, 0x00000000d7000000)
  object space 45568K, 12% used [0x0000000085000000,0x00000000855829b8,0x0000000087c80000)
 Metaspace       used 21868K, capacity 23276K, committed 23344K, reserved 1069056K
  class space    used 2555K, capacity 2929K, committed 2944K, reserved 1048576K
Event: 6,231 GC heap after
Heap after GC invocations=5 (full 1):
 PSYoungGen      total 62976K, used 5094K [0x00000000d7000000, 0x00000000db800000, 0x0000000100000000)
  eden space 57856K, 0% used [0x00000000d7000000,0x00000000d7000000,0x00000000da880000)
  from space 5120K, 99% used [0x00000000db300000,0x00000000db7f98f0,0x00000000db800000)
  to   space 5120K, 0% used [0x00000000dae00000,0x00000000dae00000,0x00000000db300000)
 ParOldGen       total 45568K, used 19788K [0x0000000085000000, 0x0000000087c80000, 0x00000000d7000000)
  object space 45568K, 43% used [0x0000000085000000,0x0000000086353388,0x0000000087c80000)
 Metaspace       used 21868K, capacity 23276K, committed 23344K, reserved 1069056K
  class space    used 2555K, capacity 2929K, committed 2944K, reserved 1048576K
}

